./my_paint:1: MAJOR:C-O1
./src/actions.c:16: MAJOR:C-F3
./src/animation.c:58: MAJOR:C-F4
./src/animation.c:106: MAJOR:C-O3
./src/animation.c:125: MAJOR:C-O3
./src/animation.c:133: MAJOR:C-O3
./src/init_c.c:54: MINOR:C-G2
./src/init_c.c:58: MAJOR:C-F3
./src/init_c.c:65: MAJOR:C-F3
./src/init_c.c:66: MAJOR:C-F3
./src/init_c.c:67: MAJOR:C-F3
./src/init_c.c:68: MAJOR:C-F3
./src/init_c.c:70: MINOR:C-L3
./src/main.c:132: MAJOR:C-F4
./src/main.c:132: MAJOR:C-L5
./src/main.c:133: MAJOR:C-F4
./src/main.c:134: MAJOR:C-F4
./src/main.c:135: MAJOR:C-F4
./src/main.c:173: MAJOR:C-F3
./src/main.c:178: MAJOR:C-O3
./src/main.c:186: MAJOR:C-O3
./src/main.c:190: MINOR:C-F8
./src/main.c:202: MAJOR:C-O3
./src/main.c:221: MAJOR:C-O3
./src/main.c:243: MAJOR:C-O3
./src/main.c:266: MAJOR:C-O3
./src/main.c:272: MAJOR:C-O3
